<?xml version="1.0" encoding="UTF-8"?>
<!-- Generated by org.testng.reporters.JUnitReportReporter -->
<testsuite hostname="Arvind_Home_PC" failures="0" tests="1" name="testscripts.VerifyAddToCart" time="3.948" errors="0" timestamp="2024-09-23T13:25:47 CEST" skipped="0">
  <testcase classname="testscripts.VerifyAddToCart" name="addToCartTestCase" time="3.948"/>
  <system-out>
    <![CDATA[Clicked pumaTShirt
Clicked Women]]>
  </system-out>
</testsuite> <!-- testscripts.VerifyAddToCart -->
