<?xml version="1.0" encoding="UTF-8"?>
<!-- Generated by org.testng.reporters.JUnitReportReporter -->
<testsuite hostname="Arvind_Home_PC" failures="0" tests="1" name="testscripts.VerifyChatBox" time="2.488" errors="0" timestamp="2024-09-24T10:43:23 CEST" skipped="0">
  <testcase classname="testscripts.VerifyChatBox" name="chatBox" time="2.488"/>
  <system-out/>
</testsuite> <!-- testscripts.VerifyChatBox -->
