<?xml version="1.0" encoding="UTF-8"?>
<!-- Generated by org.testng.reporters.JUnitReportReporter -->
<testsuite hostname="Arvind_Home_PC" failures="0" tests="1" name="testscripts.VerifyBuyNow" time="3.069" errors="0" timestamp="2024-09-23T13:26:14 CEST" skipped="0">
  <testcase classname="testscripts.VerifyBuyNow" name="buyNowTestCase" time="3.069"/>
  <system-out/>
</testsuite> <!-- testscripts.VerifyBuyNow -->
