<?xml version="1.0" encoding="UTF-8"?>
<!-- Generated by org.testng.reporters.JUnitReportReporter -->
<testsuite hostname="Arvind_Home_PC" failures="0" tests="1" name="testscripts.VerifyMyTransactions" time="3.358" errors="0" timestamp="2024-09-23T14:39:02 CEST" skipped="0">
  <testcase classname="testscripts.VerifyMyTransactions" name="myTransationTestCase" time="3.358"/>
  <system-out/>
</testsuite> <!-- testscripts.VerifyMyTransactions -->
