<?xml version="1.0" encoding="UTF-8"?>
<!-- Generated by org.testng.reporters.JUnitReportReporter -->
<testsuite hostname="Arvind_Home_PC" failures="0" tests="1" name="testscripts.VerifyPageNoClickable" time="2.572" errors="0" timestamp="2024-09-21T15:54:52 CEST" skipped="0">
  <testcase classname="testscripts.VerifyPageNoClickable" name="pageNoClickable" time="2.572"/>
  <system-out>
    <![CDATA[Clicked Page no. 2]]>
  </system-out>
</testsuite> <!-- testscripts.VerifyPageNoClickable -->
