<?xml version="1.0" encoding="UTF-8"?>
<!-- Generated by org.testng.reporters.JUnitReportReporter -->
<testsuite hostname="Arvind_Home_PC" failures="0" tests="1" name="testscripts.VerifyCreateAccountPage" time="2.402" errors="0" timestamp="2024-09-21T15:54:52 CEST" skipped="0">
  <testcase classname="testscripts.VerifyCreateAccountPage" name="logincreateAccount" time="2.402"/>
  <system-out>
    <![CDATA[Clicked Create Account
Entered Create Account fields
Clicked Register]]>
  </system-out>
</testsuite> <!-- testscripts.VerifyCreateAccountPage -->
