<?xml version="1.0" encoding="UTF-8"?>
<!-- Generated by org.testng.reporters.JUnitReportReporter -->
<testsuite hostname="Arvind_Home_PC" failures="0" tests="1" name="testscripts.TC01_Test" time="2.321" errors="0" timestamp="2024-09-21T15:54:52 CEST" skipped="0">
  <testcase classname="testscripts.TC01_Test" name="addToCartTestCase" time="2.321"/>
  <system-out/>
</testsuite> <!-- testscripts.TC01_Test -->
