<?xml version="1.0" encoding="UTF-8"?>
<!-- Generated by org.testng.reporters.JUnitReportReporter -->
<testsuite hostname="Arvind_Home_PC" failures="0" tests="1" name="testscripts.VerifyMyWallet" time="2.817" errors="0" timestamp="2024-09-23T13:52:54 CEST" skipped="0">
  <testcase classname="testscripts.VerifyMyWallet" name="myWallet" time="2.817"/>
  <system-out/>
</testsuite> <!-- testscripts.VerifyMyWallet -->
